This is pdfTeX, Version 3.141592653-2.6-1.40.24 (MiKTeX 22.8.28) (preloaded format=pdflatex 2022.11.22)  21 FEB 2023 13:52
entering extended mode
 \write18 enabled.
 %&-line parsing enabled.
**"./Outcome Task 1.6.tex"
(Outcome Task 1.6.tex
LaTeX2e <2022-06-01> patch level 5
L3 programming layer <2022-08-23>
(C:\Users\nsleb\AppData\Local\Programs\MiKTeX\tex/latex/base\article.cls
Document Class: article 2021/10/04 v1.4n Standard LaTeX document class
(C:\Users\nsleb\AppData\Local\Programs\MiKTeX\tex/latex/base\size10.clo
File: size10.clo 2021/10/04 v1.4n Standard LaTeX file (size option)
)
\c@part=\count185
\c@section=\count186
\c@subsection=\count187
\c@subsubsection=\count188
\c@paragraph=\count189
\c@subparagraph=\count190
\c@figure=\count191
\c@table=\count192
\abovecaptionskip=\skip47
\belowcaptionskip=\skip48
\bibindent=\dimen138
)
(C:\Users\nsleb\AppData\Local\Programs\MiKTeX\tex/latex/l3backend\l3backend-pdf
tex.def
File: l3backend-pdftex.def 2022-08-23 L3 backend support: PDF output (pdfTeX)
\l__color_backend_stack_int=\count193
\l__pdf_internal_box=\box51
) (Outcome Task 1.6.aux)
\openout1 = `"Outcome Task 1.6.aux"'.

LaTeX Font Info:    Checking defaults for OML/cmm/m/it on input line 6.
LaTeX Font Info:    ... okay on input line 6.
LaTeX Font Info:    Checking defaults for OMS/cmsy/m/n on input line 6.
LaTeX Font Info:    ... okay on input line 6.
LaTeX Font Info:    Checking defaults for OT1/cmr/m/n on input line 6.
LaTeX Font Info:    ... okay on input line 6.
LaTeX Font Info:    Checking defaults for T1/cmr/m/n on input line 6.
LaTeX Font Info:    ... okay on input line 6.
LaTeX Font Info:    Checking defaults for TS1/cmr/m/n on input line 6.
LaTeX Font Info:    ... okay on input line 6.
LaTeX Font Info:    Checking defaults for OMX/cmex/m/n on input line 6.
LaTeX Font Info:    ... okay on input line 6.
LaTeX Font Info:    Checking defaults for U/cmr/m/n on input line 6.
LaTeX Font Info:    ... okay on input line 6.
LaTeX Font Info:    External font `cmex10' loaded for size
(Font)              <12> on input line 7.
LaTeX Font Info:    External font `cmex10' loaded for size
(Font)              <8> on input line 7.
LaTeX Font Info:    External font `cmex10' loaded for size
(Font)              <6> on input line 7.
 [1

{C:/Users/nsleb/AppData/Local/MiKTeX/fonts/map/pdftex/pdftex.map}] (Outcome Tas
k 1.6.aux) ) 
Here is how much of TeX's memory you used:
 447 strings out of 477843
 8854 string characters out of 2823598
 309038 words of memory out of 3000000
 19446 multiletter control sequences out of 15000+600000
 472294 words of font info for 38 fonts, out of 8000000 for 9000
 1141 hyphenation exceptions out of 8191
 34i,6n,38p,162b,192s stack positions out of 10000i,1000n,20000p,200000b,80000s
<C:/Users/nsleb/AppData/Local/Programs/MiKTeX/fonts/type1/public/am
sfonts/cm/cmr10.pfb><C:/Users/nsleb/AppData/Local/Programs/MiKTeX/fonts/type1/p
ublic/amsfonts/cm/cmr12.pfb><C:/Users/nsleb/AppData/Local/Programs/MiKTeX/fonts
/type1/public/amsfonts/cm/cmr17.pfb>
Output written on "Outcome Task 1.6.pdf" (1 page, 32170 bytes).
PDF statistics:
 21 PDF objects out of 1000 (max. 8388607)
 0 named destinations out of 1000 (max. 500000)
 1 words of extra memory for PDF output out of 10000 (max. 10000000)

